2015/10/18 02:09:30 PM: sys.user     INFO        user.access          pippo           
2015/10/18 02:09:30 PM: sys.user     WARNING     user.access.error    (null)          unknown tag id: 123.234.345.456
2015/10/18 02:09:30 PM: sys.user     ERROR       user.access.error    pippo           incorrect password
2015/10/18 02:09:30 PM: sys.user     WARNING     user.panic           pippo           user panic notification sent
2015/10/18 02:09:30 PM: sys.admin    INFO        admin.access         admin_name      
2015/10/18 02:09:30 PM: sys.admin    INFO        admin.operation      admin_name      user removal: ID pippo
2015/10/18 02:09:30 PM: sys.admin    ERROR       admin.operation      admin_name      invalid user removal: ID pippo - user not found
2015/10/18 02:09:30 PM: sys.admin    WARNING     admin.operation      admin_name      invalid operation selection
2015/10/18 02:09:30 PM: sys.admin    INFO        admin.operation      admin_name      user insertion: ID pippo
2015/10/18 02:09:30 PM: sys.admin    ERROR       admin.operation      admin_name      invalid user insertion: ID pippo - user already exists
2015/10/18 02:15:01 PM: sys.user     INFO        user.access          pippo           
2015/10/18 02:15:01 PM: sys.user     WARNING     user.access.error    (null)          unknown tag id: 123.234.345.456
2015/10/18 02:15:01 PM: sys.user     ERROR       user.access.error    pippo           incorrect password
2015/10/18 02:15:01 PM: sys.user     WARNING     user.panic           pippo           user panic notification sent
2015/10/18 02:15:01 PM: sys.admin    INFO        admin.access         admin_name      
2015/10/18 02:15:01 PM: sys.admin    INFO        admin.operation      admin_name      user removal: ID pippo
2015/10/18 02:15:01 PM: sys.admin    ERROR       admin.operation      admin_name      invalid user removal: ID pippo - user not found
2015/10/18 02:15:01 PM: sys.admin    WARNING     admin.operation      admin_name      invalid operation selection
2015/10/18 02:15:01 PM: sys.admin    INFO        admin.operation      admin_name      user insertion: ID pippo
2015/10/18 02:15:01 PM: sys.admin    ERROR       admin.operation      admin_name      invalid user insertion: ID pippo - user already exists
